# JRE version: OpenJDK Runtime Environment (20.0.1+9) (build 20.0.1+9-29)
# Java VM: OpenJDK 64-Bit Server VM (20.0.1+9-29, mixed mode, sharing, tiered, compressed oops, compressed class ptrs, g1 gc, windows-amd64)
GC Precious Log:
 CardTable entry size: 512
 Card Set container configuration: InlinePtr #cards 5 size 8 Array Of Cards #cards 12 size 40 Howl #buckets 4 coarsen threshold 1843 Howl Bitmap #cards 512 size 80 coarsen threshold 460 Card regions per heap region 1 cards per card region 2048
 CPUs: 12 total, 12 available
 Memory: 7514M
 Large Page Support: Disabled
 NUMA Support: Disabled
 Compressed Oops: Enabled (32-bit)
 Heap Region Size: 1M
 Heap Min Capacity: 256M
 Heap Initial Capacity: 256M
 Heap Max Capacity: 512M
 Pre-touch: Disabled
 Parallel Workers: 10
 Concurrent Workers: 3
 Concurrent Refinement Workers: 10
 Periodic GC: Disabled
Heap:
 garbage-first heap   total 262144K, used 93184K [0x00000000e0000000, 0x0000000100000000)
  region size 1024K, 13 young (13312K), 10 survivors (10240K)
 Metaspace       used 75775K, committed 78016K, reserved 446464K
  class space    used 10377K, committed 11520K, reserved 315392K
GC Heap History (18 events):
Event: 1.723 GC heap before
{Heap before GC invocations=0 (full 0):
 garbage-first heap   total 262144K, used 27648K [0x00000000e0000000, 0x0000000100000000)
  region size 1024K, 23 young (23552K), 0 survivors (0K)
 Metaspace       used 3076K, committed 3264K, reserved 380928K
  class space    used 390K, committed 448K, reserved 315392K
}
Event: 1.803 GC heap after
{Heap after GC invocations=1 (full 0):
 garbage-first heap   total 262144K, used 10240K [0x00000000e0000000, 0x0000000100000000)
  region size 1024K, 3 young (3072K), 3 survivors (3072K)
 Metaspace       used 3076K, committed 3264K, reserved 380928K
  class space    used 390K, committed 448K, reserved 315392K
}
Event: 3.040 GC heap before
{Heap before GC invocations=1 (full 0):
 garbage-first heap   total 262144K, used 39936K [0x00000000e0000000, 0x0000000100000000)
  region size 1024K, 32 young (32768K), 3 survivors (3072K)
 Metaspace       used 4048K, committed 4224K, reserved 380928K
  class space    used 491K, committed 576K, reserved 315392K
}
Event: 3.043 GC heap after
{Heap after GC invocations=2 (full 0):
 garbage-first heap   total 262144K, used 11231K [0x00000000e0000000, 0x0000000100000000)
  region size 1024K, 1 young (1024K), 1 survivors (1024K)
 Metaspace       used 4048K, committed 4224K, reserved 380928K
  class space    used 491K, committed 576K, reserved 315392K
}
Event: 7.689 GC heap before
{Heap before GC invocations=2 (full 0):
 garbage-first heap   total 262144K, used 119775K [0x00000000e0000000, 0x0000000100000000)
  region size 1024K, 107 young (109568K), 1 survivors (1024K)
 Metaspace       used 20859K, committed 21504K, reserved 380928K
  class space    used 3004K, committed 3328K, reserved 315392K
}
Event: 7.700 GC heap after
{Heap after GC invocations=3 (full 0):
 garbage-first heap   total 262144K, used 22908K [0x00000000e0000000, 0x0000000100000000)
  region size 1024K, 13 young (13312K), 13 survivors (13312K)
 Metaspace       used 20859K, committed 21504K, reserved 380928K
  class space    used 3004K, committed 3328K, reserved 315392K
}
Event: 9.398 GC heap before
{Heap before GC invocations=4 (full 0):
 garbage-first heap   total 262144K, used 108924K [0x00000000e0000000, 0x0000000100000000)
  region size 1024K, 99 young (101376K), 13 survivors (13312K)
 Metaspace       used 34735K, committed 35968K, reserved 380928K
  class space    used 4989K, committed 5632K, reserved 315392K
}
Event: 9.408 GC heap after
{Heap after GC invocations=5 (full 0):
 garbage-first heap   total 262144K, used 29563K [0x00000000e0000000, 0x0000000100000000)
  region size 1024K, 7 young (7168K), 7 survivors (7168K)
 Metaspace       used 34735K, committed 35968K, reserved 380928K
  class space    used 4989K, committed 5632K, reserved 315392K
}
Event: 12.047 GC heap before
{Heap before GC invocations=6 (full 0):
 garbage-first heap   total 262144K, used 185211K [0x00000000e0000000, 0x0000000100000000)
  region size 1024K, 153 young (156672K), 7 survivors (7168K)
 Metaspace       used 49701K, committed 51520K, reserved 380928K
  class space    used 7190K, committed 8128K, reserved 315392K
}
Event: 12.060 GC heap after
{Heap after GC invocations=7 (full 0):
 garbage-first heap   total 262144K, used 38509K [0x00000000e0000000, 0x0000000100000000)
  region size 1024K, 16 young (16384K), 16 survivors (16384K)
 Metaspace       used 49701K, committed 51520K, reserved 380928K
  class space    used 7190K, committed 8128K, reserved 315392K
}
Event: 15.286 GC heap before
{Heap before GC invocations=7 (full 0):
 garbage-first heap   total 262144K, used 177773K [0x00000000e0000000, 0x0000000100000000)
  region size 1024K, 153 young (156672K), 16 survivors (16384K)
 Metaspace       used 57031K, committed 59008K, reserved 380928K
  class space    used 8178K, committed 9152K, reserved 315392K
}
Event: 15.304 GC heap after
{Heap after GC invocations=8 (full 0):
 garbage-first heap   total 262144K, used 50439K [0x00000000e0000000, 0x0000000100000000)
  region size 1024K, 20 young (20480K), 20 survivors (20480K)
 Metaspace       used 57031K, committed 59008K, reserved 380928K
  class space    used 8178K, committed 9152K, reserved 315392K
}
Event: 16.527 GC heap before
{Heap before GC invocations=8 (full 0):
 garbage-first heap   total 262144K, used 112903K [0x00000000e0000000, 0x0000000100000000)
  region size 1024K, 82 young (83968K), 20 survivors (20480K)
 Metaspace       used 58082K, committed 60096K, reserved 380928K
  class space    used 8245K, committed 9280K, reserved 315392K
}
Event: 16.543 GC heap after
{Heap after GC invocations=9 (full 0):
 garbage-first heap   total 262144K, used 56230K [0x00000000e0000000, 0x0000000100000000)
  region size 1024K, 5 young (5120K), 5 survivors (5120K)
 Metaspace       used 58082K, committed 60096K, reserved 380928K
  class space    used 8245K, committed 9280K, reserved 315392K
}
Event: 18.010 GC heap before
{Heap before GC invocations=10 (full 0):
 garbage-first heap   total 262144K, used 207782K [0x00000000e0000000, 0x0000000100000000)
  region size 1024K, 153 young (156672K), 5 survivors (5120K)
 Metaspace       used 60088K, committed 62144K, reserved 380928K
  class space    used 8505K, committed 9536K, reserved 315392K
}
Event: 18.022 GC heap after
{Heap after GC invocations=11 (full 0):
 garbage-first heap   total 262144K, used 65538K [0x00000000e0000000, 0x0000000100000000)
  region size 1024K, 14 young (14336K), 14 survivors (14336K)
 Metaspace       used 60088K, committed 62144K, reserved 380928K
  class space    used 8505K, committed 9536K, reserved 315392K
}
Event: 21.222 GC heap before
{Heap before GC invocations=11 (full 0):
 garbage-first heap   total 262144K, used 210946K [0x00000000e0000000, 0x0000000100000000)
  region size 1024K, 153 young (156672K), 14 survivors (14336K)
 Metaspace       used 67550K, committed 69696K, reserved 380928K
  class space    used 9412K, committed 10496K, reserved 315392K
}
Event: 21.244 GC heap after
{Heap after GC invocations=12 (full 0):
 garbage-first heap   total 262144K, used 81654K [0x00000000e0000000, 0x0000000100000000)
  region size 1024K, 16 young (16384K), 16 survivors (16384K)
 Metaspace       used 67550K, committed 69696K, reserved 380928K
  class space    used 9412K, committed 10496K, reserved 315392K
}

